<?xml version="1.0" encoding="UTF-8"?>
<!-- Generated by org.testng.reporters.JUnitXMLReporter -->
<testsuite ignored="0" hostname="DESKTOP-5VFDL3B" failures="1" tests="2" name="Test" time="23.121" errors="0" timestamp="2025-05-26T12:05:28 IST">
  <testcase classname="testcases.totest" name="tests" time="5.434"/>
  <testcase classname="testcases.login_withddt" name="loginddt" time="0.0">
    <failure type="java.lang.RuntimeException" message="java.lang.NullPointerException">
      <![CDATA[java.lang.RuntimeException: java.lang.NullPointerException
at java.base/java.util.ArrayList.forEach(ArrayList.java:1597)
Caused by: java.lang.NullPointerException
at java.base/java.io.FileInputStream.<init>(FileInputStream.java:151)
at java.base/java.io.FileInputStream.<init>(FileInputStream.java:112)
at utilities.exel_utility.getRowCount(exel_utility.java:37)
at utilities.DataProviders.getData(DataProviders.java:15)
... 25 more
... Removed 30 stack frames]]>
    </failure>
  </testcase> <!-- loginddt -->
</testsuite> <!-- Test -->
